This is pdfTeX, Version 3.141592653-2.6-1.40.24 (MiKTeX 23.1) (preloaded format=pdflatex 2023.3.17)  20 NOV 2024 18:15
entering extended mode
 restricted \write18 enabled.
 file:line:error style messages enabled.
 %&-line parsing enabled.
**c:/Users/adria/Desktop/STUDIA_FOLDERY/TELEDETEKCJA/tex/sprawozdanie.tex
(c:/Users/adria/Desktop/STUDIA_FOLDERY/TELEDETEKCJA/tex/sprawozdanie.tex
LaTeX2e <2022-11-01> patch level 1
L3 programming layer <2023-02-07> (C:\Users\adria\AppData\Local\Programs\MiKTeX\tex/latex/base\article.cls
Document Class: article 2022/07/02 v1.4n Standard LaTeX document class
(C:\Users\adria\AppData\Local\Programs\MiKTeX\tex/latex/base\size12.clo
File: size12.clo 2022/07/02 v1.4n Standard LaTeX file (size option)
)
\c@part=\count185
\c@section=\count186
\c@subsection=\count187
\c@subsubsection=\count188
\c@paragraph=\count189
\c@subparagraph=\count190
\c@figure=\count191
\c@table=\count192
\abovecaptionskip=\skip48
\belowcaptionskip=\skip49
\bibindent=\dimen140
) (C:\Users\adria\AppData\Local\Programs\MiKTeX\tex/generic/babel\babel.sty
Package: babel 2023/02/13 3.86 The Babel package
\babel@savecnt=\count193
\U@D=\dimen141
\l@unhyphenated=\language79
 (C:\Users\adria\AppData\Local\Programs\MiKTeX\tex/generic/babel\txtbabel.def)
\bbl@readstream=\read2
\bbl@dirlevel=\count194

*************************************
* Local config file bblopts.cfg used
*
(C:\Users\adria\AppData\Local\Programs\MiKTeX\tex/latex/arabi\bblopts.cfg
File: bblopts.cfg 2005/09/08 v0.1 add Arabic and Farsi to "declared" options of babel
) (C:\Users\adria\AppData\Local\Programs\MiKTeX\tex/latex/babel-polish\polish.ldf
Language: polish 2022/03/12 1.3 Babel support for Polish
Package babel Info: Making " an active character on input line 101.
)) (C:\Users\adria\AppData\Local\Programs\MiKTeX\tex/generic/babel/locale/pl\babel-polish.tex
Package babel Info: Importing font and identification data for polish
(babel)             from babel-pl.ini. Reported on input line 11.
) (C:\Users\adria\AppData\Local\Programs\MiKTeX\tex/latex/amsmath\amsmath.sty
Package: amsmath 2022/04/08 v2.17n AMS math features
\@mathmargin=\skip50

For additional information on amsmath, use the `?' option.
(C:\Users\adria\AppData\Local\Programs\MiKTeX\tex/latex/amsmath\amstext.sty
Package: amstext 2021/08/26 v2.01 AMS text
 (C:\Users\adria\AppData\Local\Programs\MiKTeX\tex/latex/amsmath\amsgen.sty
File: amsgen.sty 1999/11/30 v2.0 generic functions
\@emptytoks=\toks16
\ex@=\dimen142
)) (C:\Users\adria\AppData\Local\Programs\MiKTeX\tex/latex/amsmath\amsbsy.sty
Package: amsbsy 1999/11/29 v1.2d Bold Symbols
\pmbraise@=\dimen143
) (C:\Users\adria\AppData\Local\Programs\MiKTeX\tex/latex/amsmath\amsopn.sty
Package: amsopn 2022/04/08 v2.04 operator names
)
\inf@bad=\count195
LaTeX Info: Redefining \frac on input line 234.
\uproot@=\count196
\leftroot@=\count197
LaTeX Info: Redefining \overline on input line 399.
LaTeX Info: Redefining \colon on input line 410.
\classnum@=\count198
\DOTSCASE@=\count199
LaTeX Info: Redefining \ldots on input line 496.
LaTeX Info: Redefining \dots on input line 499.
LaTeX Info: Redefining \cdots on input line 620.
\Mathstrutbox@=\box51
\strutbox@=\box52
LaTeX Info: Redefining \big on input line 722.
LaTeX Info: Redefining \Big on input line 723.
LaTeX Info: Redefining \bigg on input line 724.
LaTeX Info: Redefining \Bigg on input line 725.
\big@size=\dimen144
LaTeX Font Info:    Redeclaring font encoding OML on input line 743.
LaTeX Font Info:    Redeclaring font encoding OMS on input line 744.
\macc@depth=\count266
LaTeX Info: Redefining \bmod on input line 905.
LaTeX Info: Redefining \pmod on input line 910.
LaTeX Info: Redefining \smash on input line 940.
LaTeX Info: Redefining \relbar on input line 970.
LaTeX Info: Redefining \Relbar on input line 971.
\c@MaxMatrixCols=\count267
\dotsspace@=\muskip16
\c@parentequation=\count268
\dspbrk@lvl=\count269
\tag@help=\toks17
\row@=\count270
\column@=\count271
\maxfields@=\count272
\andhelp@=\toks18
\eqnshift@=\dimen145
\alignsep@=\dimen146
\tagshift@=\dimen147
\tagwidth@=\dimen148
\totwidth@=\dimen149
\lineht@=\dimen150
\@envbody=\toks19
\multlinegap=\skip51
\multlinetaggap=\skip52
\mathdisplay@stack=\toks20
LaTeX Info: Redefining \[ on input line 2953.
LaTeX Info: Redefining \] on input line 2954.
) (C:\Users\adria\AppData\Local\Programs\MiKTeX\tex/latex/amsfonts\amssymb.sty
Package: amssymb 2013/01/14 v3.01 AMS font symbols
 (C:\Users\adria\AppData\Local\Programs\MiKTeX\tex/latex/amsfonts\amsfonts.sty
Package: amsfonts 2013/01/14 v3.01 Basic AMSFonts support
\symAMSa=\mathgroup4
\symAMSb=\mathgroup5
LaTeX Font Info:    Redeclaring math symbol \hbar on input line 98.
LaTeX Font Info:    Overwriting math alphabet `\mathfrak' in version `bold'
(Font)                  U/euf/m/n --> U/euf/b/n on input line 106.
)) (C:\Users\adria\AppData\Local\Programs\MiKTeX\tex/latex/graphics\graphicx.sty
Package: graphicx 2021/09/16 v1.2d Enhanced LaTeX Graphics (DPC,SPQR)
 (C:\Users\adria\AppData\Local\Programs\MiKTeX\tex/latex/graphics\keyval.sty
Package: keyval 2022/05/29 v1.15 key=value parser (DPC)
\KV@toks@=\toks21
) (C:\Users\adria\AppData\Local\Programs\MiKTeX\tex/latex/graphics\graphics.sty
Package: graphics 2022/03/10 v1.4e Standard LaTeX Graphics (DPC,SPQR)
 (C:\Users\adria\AppData\Local\Programs\MiKTeX\tex/latex/graphics\trig.sty
Package: trig 2021/08/11 v1.11 sin cos tan (DPC)
) (C:\Users\adria\AppData\Local\Programs\MiKTeX\tex/latex/graphics-cfg\graphics.cfg
File: graphics.cfg 2016/06/04 v1.11 sample graphics configuration
)
Package graphics Info: Driver file: pdftex.def on input line 107.
 (C:\Users\adria\AppData\Local\Programs\MiKTeX\tex/latex/graphics-def\pdftex.def
File: pdftex.def 2022/09/22 v1.2b Graphics/color driver for pdftex
))
\Gin@req@height=\dimen151
\Gin@req@width=\dimen152
) (C:\Users\adria\AppData\Local\Programs\MiKTeX\tex/latex/hyperref\hyperref.sty
Package: hyperref 2023-02-07 v7.00v Hypertext links for LaTeX
 (C:\Users\adria\AppData\Local\Programs\MiKTeX\tex/generic/ltxcmds\ltxcmds.sty
Package: ltxcmds 2023-12-04 v1.26 LaTeX kernel commands for general use (HO)
) (C:\Users\adria\AppData\Local\Programs\MiKTeX\tex/generic/iftex\iftex.sty
Package: iftex 2022/02/03 v1.0f TeX engine tests
) (C:\Users\adria\AppData\Local\Programs\MiKTeX\tex/generic/pdftexcmds\pdftexcmds.sty
Package: pdftexcmds 2020-06-27 v0.33 Utility functions of pdfTeX for LuaTeX (HO)
 (C:\Users\adria\AppData\Local\Programs\MiKTeX\tex/generic/infwarerr\infwarerr.sty
Package: infwarerr 2019/12/03 v1.5 Providing info/warning/error messages (HO)
)
Package pdftexcmds Info: \pdf@primitive is available.
Package pdftexcmds Info: \pdf@ifprimitive is available.
Package pdftexcmds Info: \pdfdraftmode found.
) (C:\Users\adria\AppData\Local\Programs\MiKTeX\tex/latex/kvsetkeys\kvsetkeys.sty
Package: kvsetkeys 2022-10-05 v1.19 Key value parser (HO)
) (C:\Users\adria\AppData\Local\Programs\MiKTeX\tex/generic/kvdefinekeys\kvdefinekeys.sty
Package: kvdefinekeys 2019-12-19 v1.6 Define keys (HO)
) (C:\Users\adria\AppData\Local\Programs\MiKTeX\tex/generic/pdfescape\pdfescape.sty
Package: pdfescape 2019/12/09 v1.15 Implements pdfTeX's escape features (HO)
) (C:\Users\adria\AppData\Local\Programs\MiKTeX\tex/latex/hycolor\hycolor.sty
Package: hycolor 2020-01-27 v1.10 Color options for hyperref/bookmark (HO)
) (C:\Users\adria\AppData\Local\Programs\MiKTeX\tex/latex/letltxmacro\letltxmacro.sty
Package: letltxmacro 2019/12/03 v1.6 Let assignment for LaTeX macros (HO)
) (C:\Users\adria\AppData\Local\Programs\MiKTeX\tex/latex/auxhook\auxhook.sty
Package: auxhook 2019-12-17 v1.6 Hooks for auxiliary files (HO)
) (C:\Users\adria\AppData\Local\Programs\MiKTeX\tex/latex/hyperref\nameref.sty
Package: nameref 2022-05-17 v2.50 Cross-referencing by name of section
 (C:\Users\adria\AppData\Local\Programs\MiKTeX\tex/latex/refcount\refcount.sty
Package: refcount 2019/12/15 v3.6 Data extraction from label references (HO)
) (C:\Users\adria\AppData\Local\Programs\MiKTeX\tex/generic/gettitlestring\gettitlestring.sty
Package: gettitlestring 2019/12/15 v1.6 Cleanup title references (HO)
 (C:\Users\adria\AppData\Local\Programs\MiKTeX\tex/latex/kvoptions\kvoptions.sty
Package: kvoptions 2022-06-15 v3.15 Key value format for package options (HO)
))
\c@section@level=\count273
)
\@linkdim=\dimen153
\Hy@linkcounter=\count274
\Hy@pagecounter=\count275
 (C:\Users\adria\AppData\Local\Programs\MiKTeX\tex/latex/hyperref\pd1enc.def
File: pd1enc.def 2023-02-07 v7.00v Hyperref: PDFDocEncoding definition (HO)
Now handling font encoding PD1 ...
... no UTF-8 mapping file for font encoding PD1
) (C:\Users\adria\AppData\Local\Programs\MiKTeX\tex/generic/intcalc\intcalc.sty
Package: intcalc 2019/12/15 v1.3 Expandable calculations with integers (HO)
) (C:\Users\adria\AppData\Local\Programs\MiKTeX\tex/generic/etexcmds\etexcmds.sty
Package: etexcmds 2019/12/15 v1.7 Avoid name clashes with e-TeX commands (HO)
)
\Hy@SavedSpaceFactor=\count276
 (C:\Users\adria\AppData\Local\Programs\MiKTeX\tex/latex/hyperref\puenc.def
File: puenc.def 2023-02-07 v7.00v Hyperref: PDF Unicode definition (HO)
Now handling font encoding PU ...
... no UTF-8 mapping file for font encoding PU
)
Package hyperref Info: Hyper figures OFF on input line 4177.
Package hyperref Info: Link nesting OFF on input line 4182.
Package hyperref Info: Hyper index ON on input line 4185.
Package hyperref Info: Plain pages OFF on input line 4192.
Package hyperref Info: Backreferencing OFF on input line 4197.
Package hyperref Info: Implicit mode ON; LaTeX internals redefined.
Package hyperref Info: Bookmarks ON on input line 4425.
\c@Hy@tempcnt=\count277
 (C:\Users\adria\AppData\Local\Programs\MiKTeX\tex/latex/url\url.sty
\Urlmuskip=\muskip17
Package: url 2013/09/16  ver 3.4  Verb mode for urls, etc.
)
LaTeX Info: Redefining \url on input line 4763.
\XeTeXLinkMargin=\dimen154
 (C:\Users\adria\AppData\Local\Programs\MiKTeX\tex/generic/bitset\bitset.sty
Package: bitset 2019/12/09 v1.3 Handle bit-vector datatype (HO)
 (C:\Users\adria\AppData\Local\Programs\MiKTeX\tex/generic/bigintcalc\bigintcalc.sty
Package: bigintcalc 2019/12/15 v1.5 Expandable calculations on big integers (HO)
))
\Fld@menulength=\count278
\Field@Width=\dimen155
\Fld@charsize=\dimen156
Package hyperref Info: Hyper figures OFF on input line 6042.
Package hyperref Info: Link nesting OFF on input line 6047.
Package hyperref Info: Hyper index ON on input line 6050.
Package hyperref Info: backreferencing OFF on input line 6057.
Package hyperref Info: Link coloring OFF on input line 6062.
Package hyperref Info: Link coloring with OCG OFF on input line 6067.
Package hyperref Info: PDF/A mode OFF on input line 6072.
 (C:\Users\adria\AppData\Local\Programs\MiKTeX\tex/latex/base\atbegshi-ltx.sty
Package: atbegshi-ltx 2021/01/10 v1.0c Emulation of the original atbegshi
package with kernel methods
)
\Hy@abspage=\count279
\c@Item=\count280
\c@Hfootnote=\count281
)
Package hyperref Info: Driver (autodetected): hpdftex.
 (C:\Users\adria\AppData\Local\Programs\MiKTeX\tex/latex/hyperref\hpdftex.def
File: hpdftex.def 2023-02-07 v7.00v Hyperref driver for pdfTeX
 (C:\Users\adria\AppData\Local\Programs\MiKTeX\tex/latex/base\atveryend-ltx.sty
Package: atveryend-ltx 2020/08/19 v1.0a Emulation of the original atveryend package
with kernel methods
)
\Fld@listcount=\count282
\c@bookmark@seq@number=\count283
 (C:\Users\adria\AppData\Local\Programs\MiKTeX\tex/latex/rerunfilecheck\rerunfilecheck.sty
Package: rerunfilecheck 2022-07-10 v1.10 Rerun checks for auxiliary files (HO)
 (C:\Users\adria\AppData\Local\Programs\MiKTeX\tex/generic/uniquecounter\uniquecounter.sty
Package: uniquecounter 2019/12/15 v1.4 Provide unlimited unique counter (HO)
)
Package uniquecounter Info: New unique counter `rerunfilecheck' on input line 285.
)
\Hy@SectionHShift=\skip53
) (C:\Users\adria\AppData\Local\Programs\MiKTeX\tex/latex/geometry\geometry.sty
Package: geometry 2020/01/02 v5.9 Page Geometry
 (C:\Users\adria\AppData\Local\Programs\MiKTeX\tex/generic/iftex\ifvtex.sty
Package: ifvtex 2019/10/25 v1.7 ifvtex legacy package. Use iftex instead.
)
\Gm@cnth=\count284
\Gm@cntv=\count285
\c@Gm@tempcnt=\count286
\Gm@bindingoffset=\dimen157
\Gm@wd@mp=\dimen158
\Gm@odd@mp=\dimen159
\Gm@even@mp=\dimen160
\Gm@layoutwidth=\dimen161
\Gm@layoutheight=\dimen162
\Gm@layouthoffset=\dimen163
\Gm@layoutvoffset=\dimen164
\Gm@dimlist=\toks22
 (C:\Users\adria\AppData\Local\Programs\MiKTeX\tex/latex/geometry\geometry.cfg)) (C:\Users\adria\AppData\Local\Programs\MiKTeX\tex/latex/float\float.sty
Package: float 2001/11/08 v1.3d Float enhancements (AL)
\c@float@type=\count287
\float@exts=\toks23
\float@box=\box53
\@float@everytoks=\toks24
\@floatcapt=\box54
) (C:\Users\adria\AppData\Local\Programs\MiKTeX\tex/latex/base\fontenc.sty
Package: fontenc 2021/04/29 v2.0v Standard LaTeX package
) (C:\Users\adria\AppData\Local\Programs\MiKTeX\tex/latex/subfigure\subfigure.sty
Package: subfigure 2002/07/30 v2.1.4 subfigure package
\subfigtopskip=\skip54
\subfigcapskip=\skip55
\subfigcaptopadj=\dimen165
\subfigbottomskip=\skip56
\subfigcapmargin=\dimen166
\subfiglabelskip=\skip57
\c@subfigure=\count288
\c@lofdepth=\count289
\c@subtable=\count290
\c@lotdepth=\count291

****************************************
* Local config file subfigure.cfg used *
****************************************
(C:\Users\adria\AppData\Local\Programs\MiKTeX\tex/latex/subfigure\subfigure.cfg)
\subfig@top=\skip58
\subfig@bottom=\skip59
) (C:\Users\adria\AppData\Local\Programs\MiKTeX\tex/latex/tools\array.sty
Package: array 2022/09/04 v2.5g Tabular extension package (FMi)
\col@sep=\dimen167
\ar@mcellbox=\box55
\extrarowheight=\dimen168
\NC@list=\toks25
\extratabsurround=\skip60
\backup@length=\skip61
\ar@cellbox=\box56
) (C:\Users\adria\AppData\Local\Programs\MiKTeX\tex/latex/caption\caption.sty
Package: caption 2023/08/05 v3.6o Customizing captions (AR)
 (C:\Users\adria\AppData\Local\Programs\MiKTeX\tex/latex/caption\caption3.sty
Package: caption3 2023/07/31 v2.4d caption3 kernel (AR)
\caption@tempdima=\dimen169
\captionmargin=\dimen170
\caption@leftmargin=\dimen171
\caption@rightmargin=\dimen172
\caption@width=\dimen173
\caption@indent=\dimen174
\caption@parindent=\dimen175
\caption@hangindent=\dimen176
Package caption Info: Standard document class detected.
)
\c@caption@flags=\count292
\c@continuedfloat=\count293
Package caption Info: float package is loaded.
Package caption Info: hyperref package is loaded.
Package caption Info: subfigure package is loaded.
) (C:\Users\adria\AppData\Local\Programs\MiKTeX\tex/latex/caption\subcaption.sty
Package: subcaption 2023/07/28 v1.6b Sub-captions (AR)
LaTeX Info: Redefining \subref on input line 189.
Package subcaption Info: The counter `subfigure' was already defined by
(subcaption)             an unknown document class or package on input line 238.
Package subcaption Info: The counter `subtable' was already defined by
(subcaption)             an unknown document class or package on input line 238.
) (C:\Users\adria\AppData\Local\Programs\MiKTeX\tex/latex/l3backend\l3backend-pdftex.def
File: l3backend-pdftex.def 2023-01-16 L3 backend support: PDF output (pdfTeX)
\l__color_backend_stack_int=\count294
\l__pdf_internal_box=\box57
) (sprawozdanie.aux)
\openout1 = `sprawozdanie.aux'.

LaTeX Font Info:    Checking defaults for OML/cmm/m/it on input line 20.
LaTeX Font Info:    ... okay on input line 20.
LaTeX Font Info:    Checking defaults for OMS/cmsy/m/n on input line 20.
LaTeX Font Info:    ... okay on input line 20.
LaTeX Font Info:    Checking defaults for OT1/cmr/m/n on input line 20.
LaTeX Font Info:    ... okay on input line 20.
LaTeX Font Info:    Checking defaults for T1/cmr/m/n on input line 20.
LaTeX Font Info:    ... okay on input line 20.
LaTeX Font Info:    Checking defaults for TS1/cmr/m/n on input line 20.
LaTeX Font Info:    ... okay on input line 20.
LaTeX Font Info:    Checking defaults for OMX/cmex/m/n on input line 20.
LaTeX Font Info:    ... okay on input line 20.
LaTeX Font Info:    Checking defaults for U/cmr/m/n on input line 20.
LaTeX Font Info:    ... okay on input line 20.
LaTeX Font Info:    Checking defaults for PD1/pdf/m/n on input line 20.
LaTeX Font Info:    ... okay on input line 20.
LaTeX Font Info:    Checking defaults for PU/pdf/m/n on input line 20.
LaTeX Font Info:    ... okay on input line 20.
 (C:\Users\adria\AppData\Local\Programs\MiKTeX\tex/context/base/mkii\supp-pdf.mkii
[Loading MPS to PDF converter (version 2006.09.02).]
\scratchcounter=\count295
\scratchdimen=\dimen177
\scratchbox=\box58
\nofMPsegments=\count296
\nofMParguments=\count297
\everyMPshowfont=\toks26
\MPscratchCnt=\count298
\MPscratchDim=\dimen178
\MPnumerator=\count299
\makeMPintoPDFobject=\count300
\everyMPtoPDFconversion=\toks27
) (C:\Users\adria\AppData\Local\Programs\MiKTeX\tex/latex/epstopdf-pkg\epstopdf-base.sty
Package: epstopdf-base 2020-01-24 v2.11 Base part for package epstopdf
Package epstopdf-base Info: Redefining graphics rule for `.eps' on input line 485.
 (C:\Users\adria\AppData\Local\Programs\MiKTeX\tex/latex/00miktex\epstopdf-sys.cfg
File: epstopdf-sys.cfg 2021/03/18 v2.0 Configuration of epstopdf for MiKTeX
))
Package hyperref Info: Link coloring OFF on input line 20.
 (sprawozdanie.out) (sprawozdanie.out)
\@outlinefile=\write3
\openout3 = `sprawozdanie.out'.


*geometry* driver: auto-detecting
*geometry* detected driver: pdftex
*geometry* verbose mode - [ preamble ] result:
* driver: pdftex
* paper: a4paper
* layout: <same size as paper>
* layoutoffset:(h,v)=(0.0pt,0.0pt)
* modes: 
* h-part:(L,W,R)=(72.26999pt, 452.9679pt, 72.26999pt)
* v-part:(T,H,B)=(72.26999pt, 700.50687pt, 72.26999pt)
* \paperwidth=597.50787pt
* \paperheight=845.04684pt
* \textwidth=452.9679pt
* \textheight=700.50687pt
* \oddsidemargin=0.0pt
* \evensidemargin=0.0pt
* \topmargin=-37.0pt
* \headheight=12.0pt
* \headsep=25.0pt
* \topskip=12.0pt
* \footskip=30.0pt
* \marginparwidth=35.0pt
* \marginparsep=10.0pt
* \columnsep=10.0pt
* \skip\footins=10.8pt plus 4.0pt minus 2.0pt
* \hoffset=0.0pt
* \voffset=0.0pt
* \mag=1000
* \@twocolumnfalse
* \@twosidefalse
* \@mparswitchfalse
* \@reversemarginfalse
* (1in=72.27pt=25.4mm, 1cm=28.453pt)

Package caption Info: Begin \AtBeginDocument code.
Package caption Info: End \AtBeginDocument code.
LaTeX Font Info:    Trying to load font information for U+msa on input line 23.
(C:\Users\adria\AppData\Local\Programs\MiKTeX\tex/latex/amsfonts\umsa.fd
File: umsa.fd 2013/01/14 v3.01 AMS symbols A
)
LaTeX Font Info:    Trying to load font information for U+msb on input line 23.
 (C:\Users\adria\AppData\Local\Programs\MiKTeX\tex/latex/amsfonts\umsb.fd
File: umsb.fd 2013/01/14 v3.01 AMS symbols B
)
<spektralne/nir_budynek0.png, id=75, 31.0761pt x 37.5804pt>
File: spektralne/nir_budynek0.png Graphic file (type png)
<use spektralne/nir_budynek0.png>
Package pdftex.def Info: spektralne/nir_budynek0.png  used on input line 43.
(pdftex.def)             Requested size: 108.71478pt x 131.4926pt.
<spektralne/red_budynek0.png, id=77, 31.0761pt x 37.5804pt>
File: spektralne/red_budynek0.png Graphic file (type png)
<use spektralne/red_budynek0.png>
Package pdftex.def Info: spektralne/red_budynek0.png  used on input line 48.
(pdftex.def)             Requested size: 108.71478pt x 131.4926pt.
<spektralne/green_budynek0.png, id=78, 31.0761pt x 37.5804pt>
File: spektralne/green_budynek0.png Graphic file (type png)
<use spektralne/green_budynek0.png>
Package pdftex.def Info: spektralne/green_budynek0.png  used on input line 53.
(pdftex.def)             Requested size: 108.71478pt x 131.4926pt.
<spektralne/blue_budynek0.png, id=79, 31.0761pt x 37.5804pt>
File: spektralne/blue_budynek0.png Graphic file (type png)
<use spektralne/blue_budynek0.png>
Package pdftex.def Info: spektralne/blue_budynek0.png  used on input line 58.
(pdftex.def)             Requested size: 108.71478pt x 131.4926pt.
<spektralne/nir_budynek0_bezmaski.png, id=80, 31.0761pt x 37.5804pt>
File: spektralne/nir_budynek0_bezmaski.png Graphic file (type png)
<use spektralne/nir_budynek0_bezmaski.png>
Package pdftex.def Info: spektralne/nir_budynek0_bezmaski.png  used on input line 67.
(pdftex.def)             Requested size: 108.71478pt x 131.4926pt.
<spektralne/red_budynek0_bezmaski.png, id=81, 31.0761pt x 37.5804pt>
File: spektralne/red_budynek0_bezmaski.png Graphic file (type png)
<use spektralne/red_budynek0_bezmaski.png>
Package pdftex.def Info: spektralne/red_budynek0_bezmaski.png  used on input line 72.
(pdftex.def)             Requested size: 108.71478pt x 131.4926pt.
<spektralne/green_budynek0_bezmaski.png, id=82, 31.0761pt x 37.5804pt>
File: spektralne/green_budynek0_bezmaski.png Graphic file (type png)
<use spektralne/green_budynek0_bezmaski.png>
Package pdftex.def Info: spektralne/green_budynek0_bezmaski.png  used on input line 77.
(pdftex.def)             Requested size: 108.71478pt x 131.4926pt.
<spektralne/blue_budynek0_bezmaski.png, id=83, 31.0761pt x 37.5804pt>
File: spektralne/blue_budynek0_bezmaski.png Graphic file (type png)
<use spektralne/blue_budynek0_bezmaski.png>
Package pdftex.def Info: spektralne/blue_budynek0_bezmaski.png  used on input line 82.
(pdftex.def)             Requested size: 108.71478pt x 131.4926pt.
 [1

{C:/Users/adria/AppData/Local/MiKTeX/fonts/map/pdftex/pdftex.map} <./spektralne/nir_budynek0.png> <./spektralne/red_budynek0.png> <./spektralne/green_budynek0.png> <./spektralne/blue_budynek0.png>]
<spektralne/nir_budynek3.png, id=101, 30.3534pt x 36.135pt>
File: spektralne/nir_budynek3.png Graphic file (type png)
<use spektralne/nir_budynek3.png>
Package pdftex.def Info: spektralne/nir_budynek3.png  used on input line 93.
(pdftex.def)             Requested size: 108.71478pt x 129.42967pt.
<spektralne/red_budynek3.png, id=102, 30.3534pt x 36.135pt>
File: spektralne/red_budynek3.png Graphic file (type png)
<use spektralne/red_budynek3.png>
Package pdftex.def Info: spektralne/red_budynek3.png  used on input line 98.
(pdftex.def)             Requested size: 108.71478pt x 129.42967pt.
<spektralne/green_budynek3.png, id=103, 30.3534pt x 36.135pt>
File: spektralne/green_budynek3.png Graphic file (type png)
<use spektralne/green_budynek3.png>
Package pdftex.def Info: spektralne/green_budynek3.png  used on input line 103.
(pdftex.def)             Requested size: 108.71478pt x 129.42967pt.
<spektralne/blue_budynek3.png, id=104, 30.3534pt x 36.135pt>
File: spektralne/blue_budynek3.png Graphic file (type png)
<use spektralne/blue_budynek3.png>
Package pdftex.def Info: spektralne/blue_budynek3.png  used on input line 108.
(pdftex.def)             Requested size: 108.71478pt x 129.42967pt.
<spektralne/nir_budynek3_bezmaski.png, id=105, 30.3534pt x 36.135pt>
File: spektralne/nir_budynek3_bezmaski.png Graphic file (type png)
<use spektralne/nir_budynek3_bezmaski.png>
Package pdftex.def Info: spektralne/nir_budynek3_bezmaski.png  used on input line 117.
(pdftex.def)             Requested size: 108.71478pt x 129.42967pt.
<spektralne/red_budynek3_bezmaski.png, id=106, 30.3534pt x 36.135pt>
File: spektralne/red_budynek3_bezmaski.png Graphic file (type png)
<use spektralne/red_budynek3_bezmaski.png>
Package pdftex.def Info: spektralne/red_budynek3_bezmaski.png  used on input line 122.
(pdftex.def)             Requested size: 108.71478pt x 129.42967pt.
<spektralne/green_budynek3_bezmaski.png, id=107, 30.3534pt x 36.135pt>
File: spektralne/green_budynek3_bezmaski.png Graphic file (type png)
<use spektralne/green_budynek3_bezmaski.png>
Package pdftex.def Info: spektralne/green_budynek3_bezmaski.png  used on input line 127.
(pdftex.def)             Requested size: 108.71478pt x 129.42967pt.
<spektralne/blue_budynek3_bezmaski.png, id=108, 30.3534pt x 36.135pt>
File: spektralne/blue_budynek3_bezmaski.png Graphic file (type png)
<use spektralne/blue_budynek3_bezmaski.png>
Package pdftex.def Info: spektralne/blue_budynek3_bezmaski.png  used on input line 132.
(pdftex.def)             Requested size: 108.71478pt x 129.42967pt.
<spektralne/nir_budynek7.png, id=109, 37.5804pt x 36.8577pt>
File: spektralne/nir_budynek7.png Graphic file (type png)
<use spektralne/nir_budynek7.png>
Package pdftex.def Info: spektralne/nir_budynek7.png  used on input line 143.
(pdftex.def)             Requested size: 108.71478pt x 106.62976pt.
<spektralne/red_budynek7.png, id=110, 37.5804pt x 36.8577pt>
File: spektralne/red_budynek7.png Graphic file (type png)
<use spektralne/red_budynek7.png>
Package pdftex.def Info: spektralne/red_budynek7.png  used on input line 148.
(pdftex.def)             Requested size: 108.71478pt x 106.62976pt.
<spektralne/green_budynek7.png, id=111, 37.5804pt x 36.8577pt>
File: spektralne/green_budynek7.png Graphic file (type png)
<use spektralne/green_budynek7.png>
Package pdftex.def Info: spektralne/green_budynek7.png  used on input line 153.
(pdftex.def)             Requested size: 108.71478pt x 106.62976pt.
<spektralne/blue_budynek7.png, id=112, 37.5804pt x 36.8577pt>
File: spektralne/blue_budynek7.png Graphic file (type png)
<use spektralne/blue_budynek7.png>
Package pdftex.def Info: spektralne/blue_budynek7.png  used on input line 158.
(pdftex.def)             Requested size: 108.71478pt x 106.62976pt.
 [2 <./spektralne/nir_budynek0_bezmaski.png> <./spektralne/red_budynek0_bezmaski.png> <./spektralne/green_budynek0_bezmaski.png> <./spektralne/blue_budynek0_bezmaski.png> <./spektralne/nir_budynek3.png> <./spektralne/red_budynek3.png> <./spektralne/green_budynek3.png> <./spektralne/blue_budynek3.png> <./spektralne/nir_budynek3_bezmaski.png> <./spektralne/red_budynek3_bezmaski.png> <./spektralne/green_budynek3_bezmaski.png> <./spektralne/blue_budynek3_bezmaski.png>] [3 <./spektralne/nir_budynek7.png> <./spektralne/red_budynek7.png> <./spektralne/green_budynek7.png> <./spektralne/blue_budynek7.png>]
<spektralne/rgb_budynek7.png, id=141, 37.5804pt x 36.8577pt>
File: spektralne/rgb_budynek7.png Graphic file (type png)
<use spektralne/rgb_budynek7.png>
Package pdftex.def Info: spektralne/rgb_budynek7.png  used on input line 212.
(pdftex.def)             Requested size: 108.71478pt x 106.62976pt.
<spektralne/irgb_budynek7.png, id=142, 37.5804pt x 36.8577pt>
File: spektralne/irgb_budynek7.png Graphic file (type png)
<use spektralne/irgb_budynek7.png>
Package pdftex.def Info: spektralne/irgb_budynek7.png  used on input line 217.
(pdftex.def)             Requested size: 108.71478pt x 106.62976pt.
<spektralne/rgir_budynek7.png, id=143, 37.5804pt x 36.8577pt>
File: spektralne/rgir_budynek7.png Graphic file (type png)
<use spektralne/rgir_budynek7.png>
Package pdftex.def Info: spektralne/rgir_budynek7.png  used on input line 222.
(pdftex.def)             Requested size: 108.71478pt x 106.62976pt.
<spektralne/irrb_budynek7.png, id=144, 37.5804pt x 36.8577pt>
File: spektralne/irrb_budynek7.png Graphic file (type png)
<use spektralne/irrb_budynek7.png>
Package pdftex.def Info: spektralne/irrb_budynek7.png  used on input line 227.
(pdftex.def)             Requested size: 108.71478pt x 106.62976pt.
<spektralne/rgb_budynek7_maska.png, id=145, 37.5804pt x 36.8577pt>
File: spektralne/rgb_budynek7_maska.png Graphic file (type png)
<use spektralne/rgb_budynek7_maska.png>
Package pdftex.def Info: spektralne/rgb_budynek7_maska.png  used on input line 236.
(pdftex.def)             Requested size: 108.71478pt x 106.62976pt.
<spektralne/irgb_budynek7_maska.png, id=146, 37.5804pt x 36.8577pt>
File: spektralne/irgb_budynek7_maska.png Graphic file (type png)
<use spektralne/irgb_budynek7_maska.png>
Package pdftex.def Info: spektralne/irgb_budynek7_maska.png  used on input line 241.
(pdftex.def)             Requested size: 108.71478pt x 106.62976pt.
<spektralne/rgir_budynek7_maska.png, id=147, 37.5804pt x 36.8577pt>
File: spektralne/rgir_budynek7_maska.png Graphic file (type png)
<use spektralne/rgir_budynek7_maska.png>
Package pdftex.def Info: spektralne/rgir_budynek7_maska.png  used on input line 246.
(pdftex.def)             Requested size: 108.71478pt x 106.62976pt.
<spektralne/irrb_budynek7_maska.png, id=148, 37.5804pt x 36.8577pt>
File: spektralne/irrb_budynek7_maska.png Graphic file (type png)
<use spektralne/irrb_budynek7_maska.png>
Package pdftex.def Info: spektralne/irrb_budynek7_maska.png  used on input line 251.
(pdftex.def)             Requested size: 108.71478pt x 106.62976pt.
 [4 <./spektralne/rgb_budynek7.png> <./spektralne/irgb_budynek7.png> <./spektralne/rgir_budynek7.png> <./spektralne/irrb_budynek7.png>]
<spektralne/rgb_budynek0.png, id=161, 31.0761pt x 37.5804pt>
File: spektralne/rgb_budynek0.png Graphic file (type png)
<use spektralne/rgb_budynek0.png>
Package pdftex.def Info: spektralne/rgb_budynek0.png  used on input line 261.
(pdftex.def)             Requested size: 108.71478pt x 131.4926pt.
<spektralne/irgb_budynek0.png, id=162, 31.0761pt x 37.5804pt>
File: spektralne/irgb_budynek0.png Graphic file (type png)
<use spektralne/irgb_budynek0.png>
Package pdftex.def Info: spektralne/irgb_budynek0.png  used on input line 266.
(pdftex.def)             Requested size: 108.71478pt x 131.4926pt.
<spektralne/rgir_budynek0.png, id=163, 31.0761pt x 37.5804pt>
File: spektralne/rgir_budynek0.png Graphic file (type png)
<use spektralne/rgir_budynek0.png>
Package pdftex.def Info: spektralne/rgir_budynek0.png  used on input line 271.
(pdftex.def)             Requested size: 108.71478pt x 131.4926pt.
<spektralne/irrb_budynek0.png, id=164, 31.0761pt x 37.5804pt>
File: spektralne/irrb_budynek0.png Graphic file (type png)
<use spektralne/irrb_budynek0.png>
Package pdftex.def Info: spektralne/irrb_budynek0.png  used on input line 276.
(pdftex.def)             Requested size: 108.71478pt x 131.4926pt.
<spektralne/rgb_budynek0_maska.png, id=165, 31.0761pt x 37.5804pt>
File: spektralne/rgb_budynek0_maska.png Graphic file (type png)
<use spektralne/rgb_budynek0_maska.png>
Package pdftex.def Info: spektralne/rgb_budynek0_maska.png  used on input line 285.
(pdftex.def)             Requested size: 108.71478pt x 131.4926pt.
<spektralne/irgb_budynek0_maska.png, id=166, 31.0761pt x 37.5804pt>
File: spektralne/irgb_budynek0_maska.png Graphic file (type png)
<use spektralne/irgb_budynek0_maska.png>
Package pdftex.def Info: spektralne/irgb_budynek0_maska.png  used on input line 290.
(pdftex.def)             Requested size: 108.71478pt x 131.4926pt.
<spektralne/rgir_budynek0_maska.png, id=167, 31.0761pt x 37.5804pt>
File: spektralne/rgir_budynek0_maska.png Graphic file (type png)
<use spektralne/rgir_budynek0_maska.png>
Package pdftex.def Info: spektralne/rgir_budynek0_maska.png  used on input line 295.
(pdftex.def)             Requested size: 108.71478pt x 131.4926pt.
<spektralne/irrb_budynek0_maska.png, id=168, 31.0761pt x 37.5804pt>
File: spektralne/irrb_budynek0_maska.png Graphic file (type png)
<use spektralne/irrb_budynek0_maska.png>
Package pdftex.def Info: spektralne/irrb_budynek0_maska.png  used on input line 300.
(pdftex.def)             Requested size: 108.71478pt x 131.4926pt.
<spektralne/rgb_budynek3.png, id=169, 30.3534pt x 36.135pt>
File: spektralne/rgb_budynek3.png Graphic file (type png)
<use spektralne/rgb_budynek3.png>
Package pdftex.def Info: spektralne/rgb_budynek3.png  used on input line 310.
(pdftex.def)             Requested size: 108.71478pt x 129.42967pt.
<spektralne/irgb_budynek3.png, id=170, 30.3534pt x 36.135pt>
File: spektralne/irgb_budynek3.png Graphic file (type png)
<use spektralne/irgb_budynek3.png>
Package pdftex.def Info: spektralne/irgb_budynek3.png  used on input line 315.
(pdftex.def)             Requested size: 108.71478pt x 129.42967pt.
<spektralne/rgir_budynek3.png, id=171, 30.3534pt x 36.135pt>
File: spektralne/rgir_budynek3.png Graphic file (type png)
<use spektralne/rgir_budynek3.png>
Package pdftex.def Info: spektralne/rgir_budynek3.png  used on input line 320.
(pdftex.def)             Requested size: 108.71478pt x 129.42967pt.
<spektralne/irrb_budynek3.png, id=172, 30.3534pt x 36.135pt>
File: spektralne/irrb_budynek3.png Graphic file (type png)
<use spektralne/irrb_budynek3.png>
Package pdftex.def Info: spektralne/irrb_budynek3.png  used on input line 325.
(pdftex.def)             Requested size: 108.71478pt x 129.42967pt.
 [5 <./spektralne/rgb_budynek7_maska.png> <./spektralne/irgb_budynek7_maska.png> <./spektralne/rgir_budynek7_maska.png> <./spektralne/irrb_budynek7_maska.png> <./spektralne/rgb_budynek0.png> <./spektralne/irgb_budynek0.png> <./spektralne/rgir_budynek0.png> <./spektralne/irrb_budynek0.png> <./spektralne/rgb_budynek0_maska.png> <./spektralne/irgb_budynek0_maska.png> <./spektralne/rgir_budynek0_maska.png> <./spektralne/irrb_budynek0_maska.png>]
<spektralne/rgb_budynek3_maska.png, id=192, 30.3534pt x 36.135pt>
File: spektralne/rgb_budynek3_maska.png Graphic file (type png)
<use spektralne/rgb_budynek3_maska.png>
Package pdftex.def Info: spektralne/rgb_budynek3_maska.png  used on input line 334.
(pdftex.def)             Requested size: 108.71478pt x 129.42967pt.
<spektralne/irgb_budynek3_maska.png, id=193, 30.3534pt x 36.135pt>
File: spektralne/irgb_budynek3_maska.png Graphic file (type png)
<use spektralne/irgb_budynek3_maska.png>
Package pdftex.def Info: spektralne/irgb_budynek3_maska.png  used on input line 339.
(pdftex.def)             Requested size: 108.71478pt x 129.42967pt.
<spektralne/rgir_budynek3_maska.png, id=194, 30.3534pt x 36.135pt>
File: spektralne/rgir_budynek3_maska.png Graphic file (type png)
<use spektralne/rgir_budynek3_maska.png>
Package pdftex.def Info: spektralne/rgir_budynek3_maska.png  used on input line 344.
(pdftex.def)             Requested size: 108.71478pt x 129.42967pt.
<spektralne/irrb_budynek3_maska.png, id=195, 30.3534pt x 36.135pt>
File: spektralne/irrb_budynek3_maska.png Graphic file (type png)
<use spektralne/irrb_budynek3_maska.png>
Package pdftex.def Info: spektralne/irrb_budynek3_maska.png  used on input line 349.
(pdftex.def)             Requested size: 108.71478pt x 129.42967pt.
 [6 <./spektralne/rgb_budynek3.png> <./spektralne/irgb_budynek3.png> <./spektralne/rgir_budynek3.png> <./spektralne/irrb_budynek3.png> <./spektralne/rgb_budynek3_maska.png> <./spektralne/irgb_budynek3_maska.png> <./spektralne/rgir_budynek3_maska.png> <./spektralne/irrb_budynek3_maska.png>]
Overfull \hbox (19.25113pt too wide) in paragraph at lines 355--355
[]\T1/cmr/bx/n/14.4 Porównanie wy-gl¡du obiek-tów na wska¹-niku spek-tral-nym NDVI
 []

<spektralne/ndvi_budynek7_2015.png, id=210, 355.5684pt x 281.1303pt>
File: spektralne/ndvi_budynek7_2015.png Graphic file (type png)
<use spektralne/ndvi_budynek7_2015.png>
Package pdftex.def Info: spektralne/ndvi_budynek7_2015.png  used on input line 361.
(pdftex.def)             Requested size: 203.83417pt x 161.15964pt.
<spektralne/ndvi_budynek7_2023.png, id=211, 349.0641pt x 284.0211pt>
File: spektralne/ndvi_budynek7_2023.png Graphic file (type png)
<use spektralne/ndvi_budynek7_2023.png>
Package pdftex.def Info: spektralne/ndvi_budynek7_2023.png  used on input line 366.
(pdftex.def)             Requested size: 203.83417pt x 165.85046pt.
<spektralne/msavi_budynek7_2015.png, id=212, 355.5684pt x 281.1303pt>
File: spektralne/msavi_budynek7_2015.png Graphic file (type png)
<use spektralne/msavi_budynek7_2015.png>
Package pdftex.def Info: spektralne/msavi_budynek7_2015.png  used on input line 375.
(pdftex.def)             Requested size: 203.83417pt x 161.15964pt.
<spektralne/msavi_budynek7_2023.png, id=213, 349.0641pt x 281.1303pt>
File: spektralne/msavi_budynek7_2023.png Graphic file (type png)
<use spektralne/msavi_budynek7_2023.png>
Package pdftex.def Info: spektralne/msavi_budynek7_2023.png  used on input line 380.
(pdftex.def)             Requested size: 203.83417pt x 164.16241pt.
[7 <./spektralne/ndvi_budynek7_2015.png> <./spektralne/ndvi_budynek7_2023.png> <./spektralne/msavi_budynek7_2015.png> <./spektralne/msavi_budynek7_2023.png>]
<spektralne/ndvi_budynek0_2015.png, id=225, 297.7524pt x 281.1303pt>
File: spektralne/ndvi_budynek0_2015.png Graphic file (type png)
<use spektralne/ndvi_budynek0_2015.png>
Package pdftex.def Info: spektralne/ndvi_budynek0_2015.png  used on input line 392.
(pdftex.def)             Requested size: 203.83417pt x 192.45297pt.
<spektralne/ndvi_budynek0_2023.png, id=226, 297.7524pt x 287.6346pt>
File: spektralne/ndvi_budynek0_2023.png Graphic file (type png)
<use spektralne/ndvi_budynek0_2023.png>
Package pdftex.def Info: spektralne/ndvi_budynek0_2023.png  used on input line 397.
(pdftex.def)             Requested size: 203.83417pt x 196.90561pt.
<spektralne/msavi_budynek0_2015.png, id=227, 304.2567pt x 285.4665pt>
File: spektralne/msavi_budynek0_2015.png Graphic file (type png)
<use spektralne/msavi_budynek0_2015.png>
Package pdftex.def Info: spektralne/msavi_budynek0_2015.png  used on input line 406.
(pdftex.def)             Requested size: 203.83417pt x 191.24847pt.
<spektralne/msavi_budynek0_2023.png, id=228, 297.7524pt x 281.1303pt>
File: spektralne/msavi_budynek0_2023.png Graphic file (type png)
<use spektralne/msavi_budynek0_2023.png>
Package pdftex.def Info: spektralne/msavi_budynek0_2023.png  used on input line 411.
(pdftex.def)             Requested size: 203.83417pt x 192.45297pt.
<spektralne/ndvi_budynek3_2015.png, id=229, 307.8702pt x 281.1303pt>
File: spektralne/ndvi_budynek3_2015.png Graphic file (type png)
<use spektralne/ndvi_budynek3_2015.png>
Package pdftex.def Info: spektralne/ndvi_budynek3_2015.png  used on input line 422.
(pdftex.def)             Requested size: 203.83417pt x 186.13425pt.
<spektralne/ndvi_budynek3_2023.png, id=230, 301.3659pt x 287.6346pt>
File: spektralne/ndvi_budynek3_2023.png Graphic file (type png)
<use spektralne/ndvi_budynek3_2023.png>
Package pdftex.def Info: spektralne/ndvi_budynek3_2023.png  used on input line 427.
(pdftex.def)             Requested size: 203.83417pt x 194.54875pt.
 [8 <./spektralne/ndvi_budynek0_2015.png> <./spektralne/ndvi_budynek0_2023.png> <./spektralne/msavi_budynek0_2015.png> <./spektralne/msavi_budynek0_2023.png>]
<spektralne/msavi_budynek3_2015.png, id=241, 307.8702pt x 281.853pt>
File: spektralne/msavi_budynek3_2015.png Graphic file (type png)
<use spektralne/msavi_budynek3_2015.png>
Package pdftex.def Info: spektralne/msavi_budynek3_2015.png  used on input line 436.
(pdftex.def)             Requested size: 203.83417pt x 186.61275pt.
<spektralne/msavi_budynek3_2023.png, id=242, 301.3659pt x 281.1303pt>
File: spektralne/msavi_budynek3_2023.png Graphic file (type png)
<use spektralne/msavi_budynek3_2023.png>
Package pdftex.def Info: spektralne/msavi_budynek3_2023.png  used on input line 441.
(pdftex.def)             Requested size: 203.83417pt x 190.14941pt.
 [9 <./spektralne/ndvi_budynek3_2015.png> <./spektralne/ndvi_budynek3_2023.png> <./spektralne/msavi_budynek3_2015.png> <./spektralne/msavi_budynek3_2023.png>]
Overfull \hbox (1.39842pt too wide) in paragraph at lines 447--447
[]\T1/cmr/bx/n/14.4 Zestawienie dla wska¹-ni-ków spek-tral-nych war-to-±ci sta-ty-stycz-
 []

[10] (sprawozdanie.aux)
Package rerunfilecheck Info: File `sprawozdanie.out' has not changed.
(rerunfilecheck)             Checksum: A5852FB0BF7DE783B6A2CD3727962E1A;4189.
 ) 
Here is how much of TeX's memory you used:
 13269 strings out of 476339
 222820 string characters out of 5788119
 1864340 words of memory out of 5000000
 33417 multiletter control sequences out of 15000+600000
 525268 words of font info for 69 fonts, out of 8000000 for 9000
 1141 hyphenation exceptions out of 8191
 75i,9n,76p,753b,452s stack positions out of 10000i,1000n,20000p,200000b,200000s
 <C:\Users\adria\AppData\Local\MiKTeX\fonts/pk/ljfour/jknappen/ec/dpi600\ecbx1200.pk> <C:\Users\adria\AppData\Local\MiKTeX\fonts/pk/ljfour/jknappen/ec/dpi600\ecbx1440.pk> <C:\Users\adria\AppData\Local\MiKTeX\fonts/pk/ljfour/jknappen/ec/dpi600\tcrm1200.pk> <C:\Users\adria\AppData\Local\MiKTeX\fonts/pk/ljfour/jknappen/ec/dpi600\ecrm1200.pk> <C:\Users\adria\AppData\Local\MiKTeX\fonts/pk/ljfour/jknappen/ec/dpi600\ecbx1728.pk> <C:\Users\adria\AppData\Local\MiKTeX\fonts/pk/ljfour/jknappen/ec/dpi600\ecrm1440.pk> <C:\Users\adria\AppData\Local\MiKTeX\fonts/pk/ljfour/jknappen/ec/dpi600\ecrm2074.pk>
Output written on sprawozdanie.pdf (10 pages, 421540 bytes).
PDF statistics:
 491 PDF objects out of 1000 (max. 8388607)
 52 named destinations out of 1000 (max. 500000)
 425 words of extra memory for PDF output out of 10000 (max. 10000000)

